{"level":"info","message":"File: uisp.js - Function Name: insertClient - Error Error: [Microsoft][SQL Server Native Client 11.0][SQL Server]Incorrect syntax near 'VIEJA'. - customerID_UISP: 16145","timestamp":"2022-03-30T08:59:22.890Z"}
{"level":"info","message":"File: uisp.js - Function Name: insertClient - Error Error: [Microsoft][SQL Server Native Client 11.0][SQL Server]Unclosed quotation mark after the character string '\n    )\n  '. - customerID_UISP: 16145","timestamp":"2022-03-30T08:59:22.914Z"}
{"level":"info","message":"File: uisp.js - Function Name: insertClient - Error Error: [Microsoft][SQL Server Native Client 11.0][SQL Server]Incorrect syntax near 'EMPAIRE'. - customerID_UISP: 16742","timestamp":"2022-03-30T09:10:18.259Z"}
{"level":"info","message":"File: uisp.js - Function Name: insertClient - Error Error: [Microsoft][SQL Server Native Client 11.0][SQL Server]Unclosed quotation mark after the character string '\n    )\n  '. - customerID_UISP: 16742","timestamp":"2022-03-30T09:10:18.278Z"}

{"level":"info","message":"File: zoho.js - Function Name: addNewSubscription - Error Valor no válido para plan_code","timestamp":"2022-03-30T14:12:27.160Z"}
{"level":"info","message":"File: zoho.js - Function Name: createSubscriptionCustomer - Error Valor no válido para plan_code","timestamp":"2022-03-30T14:19:10.507Z"}
{"level":"info","message":"File: zoho.js - Function Name: createSubscriptionCustomer - Error Valor no válido para plan_code","timestamp":"2022-03-30T14:20:30.428Z"}
{"level":"info","message":"File: zoho.js - Function Name: createSubscriptionCustomer - Error Valor no válido para plan_code","timestamp":"2022-03-30T14:37:35.616Z"}
{"level":"info","message":"File: zoho.js - Function Name: createSubscriptionCustomer - Error Valor no válido para plan_code","timestamp":"2022-03-30T15:58:56.313Z"}
{"level":"info","message":"File: zoho.js - Function Name: createSubscriptionCustomer - Error Valor no válido para plan_code","timestamp":"2022-03-30T16:18:19.286Z"}
{"level":"info","message":"File: zoho.js - Function Name: createSubscriptionCustomer - Error Valor no válido para plan_code","timestamp":"2022-03-30T16:21:48.534Z"}
{"level":"info","message":"File: zoho.js - Function Name: createSubscriptionCustomer - Error Valor no válido para plan_code","timestamp":"2022-03-30T16:25:18.676Z"}
{"level":"info","message":"File: zoho.js - Function Name: createSubscriptionCustomer - Error Valor no válido para plan_code","timestamp":"2022-03-30T16:41:47.451Z"}
{"level":"info","message":"File: zoho.js - Function Name: addNewSubscription - Error You have reached the maximum number of in process requests allowed. Kindly try again after some time.","timestamp":"2022-03-30T17:06:38.119Z"}
{"level":"info","message":"File: zoho.js - Function Name: addNewSubscription - Error You have reached the maximum number of in process requests allowed. Kindly try again after some time.","timestamp":"2022-03-30T17:06:38.307Z"}
{"level":"info","message":"File: zoho.js - Function Name: addNewSubscription - Error You have reached the maximum number of in process requests allowed. Kindly try again after some time.","timestamp":"2022-03-30T17:06:38.397Z"}
{"level":"info","message":"File: zoho.js - Function Name: addNewSubscription - Error You have reached the maximum number of in process requests allowed. Kindly try again after some time.","timestamp":"2022-03-30T17:06:38.922Z"}
{"level":"info","message":"File: zoho.js - Function Name: addNewSubscription - Error You have reached the maximum number of in process requests allowed. Kindly try again after some time.","timestamp":"2022-03-30T17:06:38.986Z"}
{"level":"info","message":"File: zoho.js - Function Name: addNewSubscription - Error You have reached the maximum number of in process requests allowed. Kindly try again after some time.","timestamp":"2022-03-30T17:06:39.046Z"}
{"level":"info","message":"File: zoho.js - Function Name: addNewSubscription - Error You have reached the maximum number of in process requests allowed. Kindly try again after some time.","timestamp":"2022-03-30T17:06:39.820Z"}
{"level":"info","message":"File: zoho.js - Function Name: createSubscriptionCustomer - Error You have reached the maximum number of in process requests allowed. Kindly try again after some time.","timestamp":"2022-03-30T17:14:00.471Z"}
{"level":"info","message":"File: zoho.js - Function Name: addNewSubscription - Error You have reached the maximum number of in process requests allowed. Kindly try again after some time.","timestamp":"2022-03-30T17:14:00.591Z"}
{"level":"info","message":"File: zoho.js - Function Name: createSubscriptionCustomer - Error Invalid value passed for Display Name","timestamp":"2022-03-30T17:49:24.271Z"}
{"level":"info","message":"File: zoho.js - Function Name: createSubscriptionCustomer - Error Valor no válido para plan_code","timestamp":"2022-03-30T17:54:43.692Z"}
{"level":"info","message":"File: zoho.js - Function Name: createSubscriptionCustomer - Error Invalid value passed for Email","timestamp":"2022-03-30T18:22:05.337Z"}
{"level":"info","message":"File: zoho.js - Function Name: createSubscriptionCustomer - Error Invalid value passed for Email","timestamp":"2022-03-30T20:08:20.139Z"}
{"level":"info","message":"File: zoho.js - Function Name: createSubscriptionCustomer - Error Valor no válido para plan_code","timestamp":"2022-03-30T20:42:41.864Z"}
{"level":"info","message":"File: zoho.js - Function Name: createSubscriptionCustomer - Error Valor no válido para plan_code","timestamp":"2022-03-30T20:57:12.519Z"}
{"level":"info","message":"File: zoho.js - Function Name: createSubscriptionCustomer - Error Se han mencionado algunos complementos más de una vez en la suscripción.","timestamp":"2022-03-30T21:09:13.185Z"}
{"level":"info","message":"File: zoho.js - Function Name: createSubscriptionCustomer - Error Invalid value passed for Email","timestamp":"2022-03-30T22:52:10.645Z"}
{"level":"info","message":"File: zoho.js - Function Name: createSubscriptionCustomer - Error Invalid value passed for Email","timestamp":"2022-03-30T22:56:08.987Z"}
{"level":"info","message":"File: zoho.js - Function Name: createSubscriptionCustomer - Error Se han mencionado algunos complementos más de una vez en la suscripción.","timestamp":"2022-03-30T23:20:29.804Z"}
{"level":"info","message":"File: zoho.js - Function Name: createSubscriptionCustomer - Error Invalid value passed for Display Name","timestamp":"2022-03-31T01:57:27.623Z"}
{"level":"info","message":"File: zoho.js - Function Name: createSubscriptionCustomer - Error Invalid value passed for Email","timestamp":"2022-03-31T05:32:38.241Z"}
{"level":"info","message":"File: zoho.js - Function Name: createSubscriptionCustomer - Error Valor no válido para plan_code","timestamp":"2022-03-31T06:00:39.572Z"}
{"level":"info","message":"File: zoho.js - Function Name: createSubscriptionCustomer - Error Invalid value passed for Email","timestamp":"2022-03-31T06:01:59.605Z"}
{"level":"info","message":"File: zoho.js - Function Name: createSubscriptionCustomer - Error Se han mencionado algunos complementos más de una vez en la suscripción.","timestamp":"2022-03-31T06:20:30.599Z"}
{"level":"info","message":"File: zoho.js - Function Name: createSubscriptionCustomer - Error Invalid value passed for Email","timestamp":"2022-03-31T06:21:50.510Z"}
{"level":"info","message":"File: zoho.js - Function Name: createSubscriptionCustomer - Error Invalid value passed for Email","timestamp":"2022-03-31T06:41:11.636Z"}
{"level":"info","message":"File: zoho.js - Function Name: createSubscriptionCustomer - Error Invalid value passed for Email","timestamp":"2022-03-31T06:42:21.611Z"}
{"level":"info","message":"File: zoho.js - Function Name: createSubscriptionCustomer - Error Invalid value passed for Email","timestamp":"2022-03-31T07:05:34.208Z"}
{"level":"info","message":"File: zoho.js - Function Name: createSubscriptionCustomer - Error Se han mencionado algunos complementos más de una vez en la suscripción.","timestamp":"2022-03-31T07:17:56.598Z"}
{"level":"info","message":"File: zoho.js - Function Name: createSubscriptionCustomer - Error Invalid value passed for zb.customer.Address","timestamp":"2022-03-31T07:26:25.203Z"}
{"level":"info","message":"File: zoho.js - Function Name: createSubscriptionCustomer - Error Invalid value passed for Email","timestamp":"2022-03-31T08:03:16.927Z"}
{"level":"info","message":"File: zoho.js - Function Name: createSubscriptionCustomer - Error Invalid value passed for Email","timestamp":"2022-03-31T08:11:26.638Z"}
{"level":"info","message":"File: zoho.js - Function Name: createSubscriptionCustomer - Error Invalid value passed for zb.customer.Address","timestamp":"2022-03-31T08:24:29.128Z"}
{"level":"info","message":"File: zoho.js - Function Name: createSubscriptionCustomer - Error Se han mencionado algunos complementos más de una vez en la suscripción.","timestamp":"2022-03-31T08:26:39.327Z"}
{"level":"info","message":"File: zoho.js - Function Name: createSubscriptionCustomer - Error Invalid value passed for Email","timestamp":"2022-03-31T10:01:21.632Z"}
{"level":"info","message":"File: zoho.js - Function Name: createSubscriptionCustomer - Error Código de plan no válido.","timestamp":"2022-03-31T10:51:54.053Z"}
{"level":"info","message":"File: zoho.js - Function Name: createSubscriptionCustomer - Error Valor no válido para plan_code","timestamp":"2022-03-31T11:11:35.055Z"}
{"level":"info","message":"File: zoho.js - Function Name: createSubscriptionCustomer - Error Valor no válido para plan_code","timestamp":"2022-03-31T11:39:27.250Z"}
{"level":"info","message":"File: zoho.js - Function Name: createSubscriptionCustomer - Error Valor no válido para plan_code","timestamp":"2022-03-31T11:46:17.184Z"}
{"level":"info","message":"File: zoho.js - Function Name: createSubscriptionCustomer - Error Invalid value passed for Email","timestamp":"2022-03-31T11:48:09.157Z"}
{"level":"info","message":"File: zoho.js - Function Name: createSubscriptionCustomer - Error Illegal value specified for a Dropdown field: Full Data San Francisco","timestamp":"2022-03-31T12:23:50.880Z"}
{"level":"info","message":"File: zoho.js - Function Name: createSubscriptionCustomer - Error Valor no válido para plan_code","timestamp":"2022-03-31T12:24:31.172Z"}
{"level":"info","message":"File: zoho.js - Function Name: createSubscriptionCustomer - Error Valor no válido para plan_code","timestamp":"2022-03-31T12:29:19.232Z"}
{"level":"info","message":"File: zoho.js - Function Name: createSubscriptionCustomer - Error Invalid value passed for zsm.plans.api.PlanID","timestamp":"2022-03-31T12:31:29.855Z"}
{"level":"info","message":"File: zoho.js - Function Name: createSubscriptionCustomer - Error Valor no válido para plan_code","timestamp":"2022-03-31T12:31:39.456Z"}
{"level":"info","message":"File: zoho.js - Function Name: createSubscriptionCustomer - Error Valor no válido para plan_code","timestamp":"2022-03-31T12:32:09.565Z"}
{"level":"info","message":"File: zoho.js - Function Name: createSubscriptionCustomer - Error Valor no válido para plan_code","timestamp":"2022-03-31T12:33:10.183Z"}
{"level":"info","message":"File: zoho.js - Function Name: createSubscriptionCustomer - Error Valor no válido para plan_code","timestamp":"2022-03-31T12:34:00.865Z"}
{"level":"info","message":"File: zoho.js - Function Name: createSubscriptionCustomer - Error Invalid value passed for zb.customer.Address","timestamp":"2022-03-31T12:36:20.954Z"}
{"level":"info","message":"File: zoho.js - Function Name: createSubscriptionCustomer - Error Valor no válido para plan_code","timestamp":"2022-03-31T12:37:22.511Z"}
{"level":"info","message":"File: zoho.js - Function Name: createSubscriptionCustomer - Error Invalid value passed for zb.customer.Address","timestamp":"2022-03-31T12:37:39.649Z"}
{"level":"info","message":"File: zoho.js - Function Name: createSubscriptionCustomer - Error Valor no válido para plan_code","timestamp":"2022-03-31T12:37:50.298Z"}
{"level":"info","message":"File: zoho.js - Function Name: createSubscriptionCustomer - Error Valor no válido para plan_code","timestamp":"2022-03-31T12:38:20.587Z"}
{"level":"info","message":"File: zoho.js - Function Name: createSubscriptionCustomer - Error Valor no válido para plan_code","timestamp":"2022-03-31T12:39:00.977Z"}
{"level":"info","message":"File: zoho.js - Function Name: createSubscriptionCustomer - Error Valor no válido para plan_code","timestamp":"2022-03-31T12:39:41.540Z"}
{"level":"info","message":"File: zoho.js - Function Name: createSubscriptionCustomer - Error Invalid value passed for zb.customer.Address","timestamp":"2022-03-31T12:42:20.744Z"}
{"level":"info","message":"File: zoho.js - Function Name: createSubscriptionCustomer - Error Valor no válido para plan_code","timestamp":"2022-03-31T12:42:31.676Z"}
{"level":"info","message":"File: zoho.js - Function Name: createSubscriptionCustomer - Error Valor no válido para plan_code","timestamp":"2022-03-31T12:45:32.314Z"}
{"level":"info","message":"File: zoho.js - Function Name: createSubscriptionCustomer - Error Valor no válido para plan_code","timestamp":"2022-03-31T12:46:02.010Z"}
{"level":"info","message":"File: zoho.js - Function Name: createSubscriptionCustomer - Error Valor no válido para plan_code","timestamp":"2022-03-31T12:53:41.696Z"}
{"level":"info","message":"File: zoho.js - Function Name: createSubscriptionCustomer - Error Valor no válido para plan_code","timestamp":"2022-03-31T12:53:51.474Z"}
{"level":"info","message":"File: zoho.js - Function Name: createSubscriptionCustomer - Error Valor no válido para plan_code","timestamp":"2022-03-31T12:54:31.464Z"}
{"level":"info","message":"File: zoho.js - Function Name: createSubscriptionCustomer - Error Valor no válido para plan_code","timestamp":"2022-03-31T12:54:41.807Z"}
{"level":"info","message":"File: zoho.js - Function Name: createSubscriptionCustomer - Error Valor no válido para plan_code","timestamp":"2022-03-31T12:56:10.540Z"}
{"level":"info","message":"File: zoho.js - Function Name: createSubscriptionCustomer - Error Valor no válido para plan_code","timestamp":"2022-03-31T12:56:40.923Z"}
{"level":"info","message":"File: zoho.js - Function Name: createSubscriptionCustomer - Error Valor no válido para plan_code","timestamp":"2022-03-31T12:57:40.598Z"}
{"level":"info","message":"File: zoho.js - Function Name: createSubscriptionCustomer - Error Valor no válido para plan_code","timestamp":"2022-03-31T12:58:10.727Z"}
{"level":"info","message":"File: zoho.js - Function Name: createSubscriptionCustomer - Error Valor no válido para plan_code","timestamp":"2022-03-31T12:59:40.723Z"}
{"level":"info","message":"File: zoho.js - Function Name: createSubscriptionCustomer - Error Invalid value passed for zb.customer.Address","timestamp":"2022-03-31T12:59:52.993Z"}
{"level":"info","message":"File: zoho.js - Function Name: createSubscriptionCustomer - Error Invalid value passed for zb.customer.Address","timestamp":"2022-03-31T13:00:41.012Z"}
{"level":"info","message":"File: zoho.js - Function Name: createSubscriptionCustomer - Error Valor no válido para plan_code","timestamp":"2022-03-31T13:00:50.941Z"}
{"level":"info","message":"File: zoho.js - Function Name: createSubscriptionCustomer - Error Valor no válido para plan_code","timestamp":"2022-03-31T13:01:01.437Z"}
{"level":"info","message":"File: zoho.js - Function Name: createSubscriptionCustomer - Error Valor no válido para plan_code","timestamp":"2022-03-31T13:01:11.041Z"}
{"level":"info","message":"File: zoho.js - Function Name: createSubscriptionCustomer - Error Valor no válido para plan_code","timestamp":"2022-03-31T13:01:22.046Z"}
{"level":"info","message":"File: zoho.js - Function Name: createSubscriptionCustomer - Error Invalid value passed for zb.customer.Address","timestamp":"2022-03-31T13:01:30.828Z"}
{"level":"info","message":"File: zoho.js - Function Name: createSubscriptionCustomer - Error Valor no válido para plan_code","timestamp":"2022-03-31T13:01:42.030Z"}
{"level":"info","message":"File: zoho.js - Function Name: createSubscriptionCustomer - Error Invalid value passed for zb.customer.Address","timestamp":"2022-03-31T13:01:51.023Z"}
{"level":"info","message":"File: zoho.js - Function Name: createSubscriptionCustomer - Error Valor no válido para plan_code","timestamp":"2022-03-31T13:02:02.203Z"}
{"level":"info","message":"File: zoho.js - Function Name: createSubscriptionCustomer - Error Valor no válido para plan_code","timestamp":"2022-03-31T13:02:10.892Z"}
{"level":"info","message":"File: zoho.js - Function Name: createSubscriptionCustomer - Error Invalid value passed for zb.customer.Address","timestamp":"2022-03-31T13:02:20.890Z"}
{"level":"info","message":"File: zoho.js - Function Name: createSubscriptionCustomer - Error Invalid value passed for zb.customer.Address","timestamp":"2022-03-31T13:02:30.803Z"}
{"level":"info","message":"File: zoho.js - Function Name: createSubscriptionCustomer - Error Invalid value passed for zb.customer.Address","timestamp":"2022-03-31T13:02:41.933Z"}
{"level":"info","message":"File: zoho.js - Function Name: createSubscriptionCustomer - Error Valor no válido para plan_code","timestamp":"2022-03-31T13:02:52.349Z"}
{"level":"info","message":"File: zoho.js - Function Name: createSubscriptionCustomer - Error Valor no válido para plan_code","timestamp":"2022-03-31T13:03:01.947Z"}
{"level":"info","message":"File: zoho.js - Function Name: createSubscriptionCustomer - Error Valor no válido para plan_code","timestamp":"2022-03-31T13:03:10.890Z"}
{"level":"info","message":"File: zoho.js - Function Name: createSubscriptionCustomer - Error Valor no válido para plan_code","timestamp":"2022-03-31T13:04:21.822Z"}
{"level":"info","message":"File: zoho.js - Function Name: createSubscriptionCustomer - Error Valor no válido para plan_code","timestamp":"2022-03-31T13:09:23.395Z"}
{"level":"info","message":"File: zoho.js - Function Name: createSubscriptionCustomer - Error Valor no válido para plan_code","timestamp":"2022-03-31T13:09:53.037Z"}
{"level":"info","message":"File: zoho.js - Function Name: createSubscriptionCustomer - Error Valor no válido para plan_code","timestamp":"2022-03-31T13:11:11.862Z"}
{"level":"info","message":"File: zoho.js - Function Name: createSubscriptionCustomer - Error Valor no válido para plan_code","timestamp":"2022-03-31T13:11:31.298Z"}
{"level":"info","message":"File: zoho.js - Function Name: createSubscriptionCustomer - Error Valor no válido para plan_code","timestamp":"2022-03-31T13:12:21.359Z"}
{"level":"info","message":"File: zoho.js - Function Name: createSubscriptionCustomer - Error Valor no válido para plan_code","timestamp":"2022-03-31T13:13:22.752Z"}
{"level":"info","message":"File: zoho.js - Function Name: createSubscriptionCustomer - Error Valor no válido para plan_code","timestamp":"2022-03-31T13:13:51.570Z"}
{"level":"info","message":"File: zoho.js - Function Name: createSubscriptionCustomer - Error Valor no válido para plan_code","timestamp":"2022-03-31T13:14:11.483Z"}
{"level":"info","message":"File: zoho.js - Function Name: createSubscriptionCustomer - Error Valor no válido para plan_code","timestamp":"2022-03-31T13:14:21.558Z"}
{"level":"info","message":"File: zoho.js - Function Name: createSubscriptionCustomer - Error Valor no válido para plan_code","timestamp":"2022-03-31T13:14:43.343Z"}
{"level":"info","message":"File: zoho.js - Function Name: createSubscriptionCustomer - Error Valor no válido para plan_code","timestamp":"2022-03-31T13:15:23.788Z"}
{"level":"info","message":"File: zoho.js - Function Name: createSubscriptionCustomer - Error Valor no válido para plan_code","timestamp":"2022-03-31T13:16:21.997Z"}
{"level":"info","message":"File: zoho.js - Function Name: createSubscriptionCustomer - Error Valor no válido para plan_code","timestamp":"2022-03-31T13:16:43.616Z"}
{"level":"info","message":"File: zoho.js - Function Name: createSubscriptionCustomer - Error Valor no válido para plan_code","timestamp":"2022-03-31T13:18:11.761Z"}
{"level":"info","message":"File: zoho.js - Function Name: createSubscriptionCustomer - Error Valor no válido para plan_code","timestamp":"2022-03-31T13:20:13.762Z"}
{"level":"info","message":"File: zoho.js - Function Name: createSubscriptionCustomer - Error Valor no válido para plan_code","timestamp":"2022-03-31T13:21:44.132Z"}
{"level":"info","message":"File: zoho.js - Function Name: createSubscriptionCustomer - Error Valor no válido para plan_code","timestamp":"2022-03-31T13:21:53.700Z"}
{"level":"info","message":"File: zoho.js - Function Name: createSubscriptionCustomer - Error Valor no válido para plan_code","timestamp":"2022-03-31T13:22:13.515Z"}
{"level":"info","message":"File: zoho.js - Function Name: createSubscriptionCustomer - Error Valor no válido para plan_code","timestamp":"2022-03-31T13:22:23.986Z"}
{"level":"info","message":"File: zoho.js - Function Name: createSubscriptionCustomer - Error Invalid value passed for zb.customer.Address","timestamp":"2022-03-31T13:23:02.400Z"}
{"level":"info","message":"File: zoho.js - Function Name: createSubscriptionCustomer - Error Valor no válido para plan_code","timestamp":"2022-03-31T13:25:03.648Z"}
{"level":"info","message":"File: zoho.js - Function Name: createSubscriptionCustomer - Error Valor no válido para plan_code","timestamp":"2022-03-31T13:28:12.210Z"}
{"level":"info","message":"File: zoho.js - Function Name: createSubscriptionCustomer - Error Invalid value passed for zb.customer.Address","timestamp":"2022-03-31T13:29:54.576Z"}
{"level":"info","message":"File: zoho.js - Function Name: createSubscriptionCustomer - Error Invalid value passed for zb.customer.Address","timestamp":"2022-03-31T13:30:03.548Z"}
{"level":"info","message":"File: zoho.js - Function Name: createSubscriptionCustomer - Error Valor no válido para plan_code","timestamp":"2022-03-31T13:30:13.772Z"}
{"level":"info","message":"File: zoho.js - Function Name: createSubscriptionCustomer - Error Invalid value passed for zb.customer.Address","timestamp":"2022-03-31T13:33:13.436Z"}
{"level":"info","message":"File: zoho.js - Function Name: createSubscriptionCustomer - Error Valor no válido para plan_code","timestamp":"2022-03-31T13:33:32.591Z"}
{"level":"info","message":"File: zoho.js - Function Name: createSubscriptionCustomer - Error Valor no válido para plan_code","timestamp":"2022-03-31T13:33:52.542Z"}
{"level":"info","message":"File: zoho.js - Function Name: createSubscriptionCustomer - Error Valor no válido para plan_code","timestamp":"2022-03-31T13:35:13.670Z"}
{"level":"info","message":"File: zoho.js - Function Name: createSubscriptionCustomer - Error Valor no válido para plan_code","timestamp":"2022-03-31T13:35:32.847Z"}
{"level":"info","message":"File: zoho.js - Function Name: createSubscriptionCustomer - Error Valor no válido para plan_code","timestamp":"2022-03-31T13:35:54.585Z"}
{"level":"info","message":"File: zoho.js - Function Name: createSubscriptionCustomer - Error Valor no válido para plan_code","timestamp":"2022-03-31T13:36:13.172Z"}
{"level":"info","message":"File: zoho.js - Function Name: createSubscriptionCustomer - Error Valor no válido para plan_code","timestamp":"2022-03-31T13:36:24.212Z"}
{"level":"info","message":"File: zoho.js - Function Name: createSubscriptionCustomer - Error Valor no válido para plan_code","timestamp":"2022-03-31T13:36:34.643Z"}
{"level":"info","message":"File: zoho.js - Function Name: createSubscriptionCustomer - Error Valor no válido para plan_code","timestamp":"2022-03-31T13:36:43.243Z"}
{"level":"info","message":"File: zoho.js - Function Name: createSubscriptionCustomer - Error Valor no válido para plan_code","timestamp":"2022-03-31T13:36:53.866Z"}
{"level":"info","message":"File: zoho.js - Function Name: createSubscriptionCustomer - Error Valor no válido para plan_code","timestamp":"2022-03-31T13:37:03.215Z"}
{"level":"info","message":"File: zoho.js - Function Name: createSubscriptionCustomer - Error Invalid value passed for zb.customer.Address","timestamp":"2022-03-31T13:37:14.686Z"}
{"level":"info","message":"File: zoho.js - Function Name: createSubscriptionCustomer - Error Valor no válido para plan_code","timestamp":"2022-03-31T13:40:15.104Z"}
{"level":"info","message":"File: zoho.js - Function Name: createSubscriptionCustomer - Error Valor no válido para plan_code","timestamp":"2022-03-31T13:41:03.505Z"}
{"level":"info","message":"File: zoho.js - Function Name: createSubscriptionCustomer - Error Valor no válido para plan_code","timestamp":"2022-03-31T13:42:22.988Z"}
{"level":"info","message":"File: zoho.js - Function Name: createSubscriptionCustomer - Error Valor no válido para plan_code","timestamp":"2022-03-31T13:42:53.019Z"}
{"level":"info","message":"File: zoho.js - Function Name: createSubscriptionCustomer - Error Invalid value passed for zb.customer.Address","timestamp":"2022-03-31T13:43:24.033Z"}
{"level":"info","message":"File: zoho.js - Function Name: createSubscriptionCustomer - Error Illegal value specified for a Dropdown field: Full Data San Francisco","timestamp":"2022-03-31T13:46:13.692Z"}
{"level":"info","message":"File: zoho.js - Function Name: createSubscriptionCustomer - Error Invalid value passed for zb.customer.Address","timestamp":"2022-03-31T13:46:55.100Z"}
{"level":"info","message":"File: zoho.js - Function Name: createSubscriptionCustomer - Error Valor no válido para plan_code","timestamp":"2022-03-31T13:47:53.206Z"}
{"level":"info","message":"File: zoho.js - Function Name: createSubscriptionCustomer - Error Valor no válido para plan_code","timestamp":"2022-03-31T13:48:13.273Z"}
{"level":"info","message":"File: zoho.js - Function Name: createSubscriptionCustomer - Error Valor no válido para plan_code","timestamp":"2022-03-31T13:48:43.304Z"}
{"level":"info","message":"File: zoho.js - Function Name: createSubscriptionCustomer - Error Invalid value passed for zb.customer.Address","timestamp":"2022-03-31T13:49:23.524Z"}
{"level":"info","message":"File: zoho.js - Function Name: createSubscriptionCustomer - Error Valor no válido para plan_code","timestamp":"2022-03-31T13:49:33.330Z"}
{"level":"info","message":"File: zoho.js - Function Name: createCustomerWithoutSubscription - Error Invalid value passed for zb.customer.Address","timestamp":"2022-03-31T13:50:15.262Z"}
{"level":"info","message":"File: zoho.js - Function Name: createSubscriptionCustomer - Error Invalid value passed for Email","timestamp":"2022-03-31T13:50:43.577Z"}
{"level":"info","message":"File: zoho.js - Function Name: createSubscriptionCustomer - Error Invalid value passed for zb.customer.Address","timestamp":"2022-03-31T13:55:43.510Z"}
{"level":"info","message":"File: zoho.js - Function Name: createSubscriptionCustomer - Error Illegal value specified for a Dropdown field: Full Data San Francisco","timestamp":"2022-03-31T14:01:04.013Z"}
{"level":"info","message":"File: zoho.js - Function Name: createSubscriptionCustomer - Error Valor no válido para plan_code","timestamp":"2022-03-31T14:01:15.772Z"}
{"level":"info","message":"File: zoho.js - Function Name: createSubscriptionCustomer - Error Valor no válido para plan_code","timestamp":"2022-03-31T14:01:26.237Z"}
{"level":"info","message":"File: zoho.js - Function Name: createSubscriptionCustomer - Error Valor no válido para plan_code","timestamp":"2022-03-31T14:02:24.221Z"}
{"level":"info","message":"File: zoho.js - Function Name: createSubscriptionCustomer - Error Valor no válido para plan_code","timestamp":"2022-03-31T14:02:44.139Z"}
{"level":"info","message":"File: zoho.js - Function Name: createSubscriptionCustomer - Error Valor no válido para plan_code","timestamp":"2022-03-31T14:02:54.147Z"}
{"level":"info","message":"File: zoho.js - Function Name: createSubscriptionCustomer - Error Valor no válido para plan_code","timestamp":"2022-03-31T14:03:05.910Z"}
{"level":"info","message":"File: zoho.js - Function Name: createSubscriptionCustomer - Error Valor no válido para plan_code","timestamp":"2022-03-31T14:03:14.720Z"}
{"level":"info","message":"File: zoho.js - Function Name: createSubscriptionCustomer - Error Valor no válido para plan_code","timestamp":"2022-03-31T14:03:25.088Z"}
{"level":"info","message":"File: zoho.js - Function Name: createSubscriptionCustomer - Error Valor no válido para plan_code","timestamp":"2022-03-31T14:03:34.172Z"}
{"level":"info","message":"File: zoho.js - Function Name: createSubscriptionCustomer - Error Valor no válido para plan_code","timestamp":"2022-03-31T14:03:54.534Z"}
{"level":"info","message":"File: zoho.js - Function Name: createSubscriptionCustomer - Error Valor no válido para plan_code","timestamp":"2022-03-31T14:04:26.478Z"}
{"level":"info","message":"File: zoho.js - Function Name: createSubscriptionCustomer - Error Valor no válido para plan_code","timestamp":"2022-03-31T14:04:35.996Z"}
{"level":"info","message":"File: zoho.js - Function Name: createSubscriptionCustomer - Error Valor no válido para plan_code","timestamp":"2022-03-31T14:04:45.383Z"}
{"level":"info","message":"File: zoho.js - Function Name: createSubscriptionCustomer - Error Valor no válido para plan_code","timestamp":"2022-03-31T14:04:54.277Z"}
{"level":"info","message":"File: zoho.js - Function Name: createSubscriptionCustomer - Error Valor no válido para plan_code","timestamp":"2022-03-31T14:05:04.617Z"}
{"level":"info","message":"File: zoho.js - Function Name: createSubscriptionCustomer - Error Valor no válido para plan_code","timestamp":"2022-03-31T14:05:34.227Z"}
{"level":"info","message":"File: zoho.js - Function Name: createSubscriptionCustomer - Error Valor no válido para plan_code","timestamp":"2022-03-31T14:05:44.334Z"}
{"level":"info","message":"File: zoho.js - Function Name: createSubscriptionCustomer - Error Valor no válido para plan_code","timestamp":"2022-03-31T14:05:54.228Z"}
{"level":"info","message":"File: zoho.js - Function Name: createSubscriptionCustomer - Error Valor no válido para plan_code","timestamp":"2022-03-31T14:06:04.570Z"}
{"level":"info","message":"File: zoho.js - Function Name: createSubscriptionCustomer - Error Valor no válido para plan_code","timestamp":"2022-03-31T14:06:14.594Z"}
{"level":"info","message":"File: zoho.js - Function Name: createSubscriptionCustomer - Error Valor no válido para plan_code","timestamp":"2022-03-31T14:06:34.377Z"}
{"level":"info","message":"File: zoho.js - Function Name: createSubscriptionCustomer - Error Valor no válido para plan_code","timestamp":"2022-03-31T14:10:26.832Z"}
{"level":"info","message":"File: zoho.js - Function Name: createSubscriptionCustomer - Error Valor no válido para plan_code","timestamp":"2022-03-31T14:10:56.800Z"}
{"level":"info","message":"File: zoho.js - Function Name: createSubscriptionCustomer - Error Valor no válido para plan_code","timestamp":"2022-03-31T14:13:44.622Z"}
{"level":"info","message":"File: zoho.js - Function Name: createSubscriptionCustomer - Error Valor no válido para plan_code","timestamp":"2022-03-31T14:14:24.729Z"}
{"level":"info","message":"File: zoho.js - Function Name: createSubscriptionCustomer - Error Valor no válido para plan_code","timestamp":"2022-03-31T14:17:37.200Z"}
{"level":"info","message":"File: zoho.js - Function Name: createSubscriptionCustomer - Error Valor no válido para plan_code","timestamp":"2022-03-31T14:17:46.103Z"}
{"level":"info","message":"File: zoho.js - Function Name: createSubscriptionCustomer - Error Valor no válido para plan_code","timestamp":"2022-03-31T14:18:07.054Z"}
{"level":"info","message":"File: zoho.js - Function Name: createSubscriptionCustomer - Error Invalid value passed for zb.customer.Address","timestamp":"2022-03-31T14:18:45.716Z"}
{"level":"info","message":"File: zoho.js - Function Name: createSubscriptionCustomer - Error Invalid value passed for zb.customer.Address","timestamp":"2022-03-31T14:19:06.162Z"}
{"level":"info","message":"File: zoho.js - Function Name: createSubscriptionCustomer - Error Invalid value passed for zb.customer.Address","timestamp":"2022-03-31T14:21:35.181Z"}
{"level":"info","message":"File: zoho.js - Function Name: createSubscriptionCustomer - Error Valor no válido para plan_code","timestamp":"2022-03-31T14:23:07.689Z"}
{"level":"info","message":"File: zoho.js - Function Name: createSubscriptionCustomer - Error Invalid value passed for zb.customer.Address","timestamp":"2022-03-31T14:23:17.399Z"}
{"level":"info","message":"File: zoho.js - Function Name: createSubscriptionCustomer - Error Invalid value passed for zb.customer.Address","timestamp":"2022-03-31T14:23:27.152Z"}
{"level":"info","message":"File: zoho.js - Function Name: createSubscriptionCustomer - Error Valor no válido para plan_code","timestamp":"2022-03-31T14:23:47.426Z"}
{"level":"info","message":"File: zoho.js - Function Name: createSubscriptionCustomer - Error Valor no válido para plan_code","timestamp":"2022-03-31T14:24:15.220Z"}
{"level":"info","message":"File: zoho.js - Function Name: createSubscriptionCustomer - Error Valor no válido para plan_code","timestamp":"2022-03-31T14:24:25.271Z"}
{"level":"info","message":"File: zoho.js - Function Name: createSubscriptionCustomer - Error Valor no válido para plan_code","timestamp":"2022-03-31T14:25:05.373Z"}
{"level":"info","message":"File: zoho.js - Function Name: createSubscriptionCustomer - Error Valor no válido para plan_code","timestamp":"2022-03-31T14:25:17.064Z"}
{"level":"info","message":"File: zoho.js - Function Name: createSubscriptionCustomer - Error Valor no válido para plan_code","timestamp":"2022-03-31T14:26:05.280Z"}
{"level":"info","message":"File: zoho.js - Function Name: createSubscriptionCustomer - Error Valor no válido para plan_code","timestamp":"2022-03-31T14:26:15.396Z"}
{"level":"info","message":"File: zoho.js - Function Name: createSubscriptionCustomer - Error Valor no válido para plan_code","timestamp":"2022-03-31T14:26:25.323Z"}
{"level":"info","message":"File: zoho.js - Function Name: createSubscriptionCustomer - Error Valor no válido para plan_code","timestamp":"2022-03-31T14:27:25.430Z"}
{"level":"info","message":"File: zoho.js - Function Name: createSubscriptionCustomer - Error Valor no válido para plan_code","timestamp":"2022-03-31T14:28:45.480Z"}
{"level":"info","message":"File: zoho.js - Function Name: createSubscriptionCustomer - Error Valor no válido para plan_code","timestamp":"2022-03-31T14:28:55.519Z"}
{"level":"info","message":"File: zoho.js - Function Name: createSubscriptionCustomer - Error Valor no válido para plan_code","timestamp":"2022-03-31T14:36:25.869Z"}
{"level":"info","message":"File: zoho.js - Function Name: createSubscriptionCustomer - Error Valor no válido para plan_code","timestamp":"2022-03-31T14:36:35.842Z"}
{"level":"info","message":"File: zoho.js - Function Name: createSubscriptionCustomer - Error Valor no válido para plan_code","timestamp":"2022-03-31T14:37:15.951Z"}
{"level":"info","message":"File: zoho.js - Function Name: createSubscriptionCustomer - Error Valor no válido para plan_code","timestamp":"2022-03-31T14:37:25.937Z"}
{"level":"info","message":"File: zoho.js - Function Name: createSubscriptionCustomer - Error Valor no válido para plan_code","timestamp":"2022-03-31T14:38:45.954Z"}
{"level":"info","message":"File: zoho.js - Function Name: createSubscriptionCustomer - Error Valor no válido para plan_code","timestamp":"2022-03-31T14:39:16.004Z"}
{"level":"info","message":"File: zoho.js - Function Name: createSubscriptionCustomer - Error Valor no válido para plan_code","timestamp":"2022-03-31T14:39:55.980Z"}
{"level":"info","message":"File: zoho.js - Function Name: createSubscriptionCustomer - Error Valor no válido para plan_code","timestamp":"2022-03-31T14:40:36.085Z"}
{"level":"info","message":"File: zoho.js - Function Name: createSubscriptionCustomer - Error Valor no válido para plan_code","timestamp":"2022-03-31T14:41:06.068Z"}
{"level":"info","message":"File: zoho.js - Function Name: createSubscriptionCustomer - Error Valor no válido para plan_code","timestamp":"2022-03-31T14:42:16.626Z"}
{"level":"info","message":"File: zoho.js - Function Name: createSubscriptionCustomer - Error Valor no válido para plan_code","timestamp":"2022-03-31T14:42:46.260Z"}
{"level":"info","message":"File: zoho.js - Function Name: createSubscriptionCustomer - Error Valor no válido para plan_code","timestamp":"2022-03-31T14:45:56.730Z"}
{"level":"info","message":"File: zoho.js - Function Name: createSubscriptionCustomer - Error Valor no válido para plan_code","timestamp":"2022-03-31T14:46:16.307Z"}
{"level":"info","message":"File: zoho.js - Function Name: createSubscriptionCustomer - Error Valor no válido para plan_code","timestamp":"2022-03-31T14:56:56.782Z"}
{"level":"info","message":"File: zoho.js - Function Name: createSubscriptionCustomer - Error Valor no válido para plan_code","timestamp":"2022-03-31T14:59:06.853Z"}
{"level":"info","message":"File: zoho.js - Function Name: createSubscriptionCustomer - Error Valor no válido para plan_code","timestamp":"2022-03-31T15:00:16.963Z"}
{"level":"info","message":"File: zoho.js - Function Name: createSubscriptionCustomer - Error Valor no válido para plan_code","timestamp":"2022-03-31T15:02:07.071Z"}
{"level":"info","message":"File: zoho.js - Function Name: createSubscriptionCustomer - Error Valor no válido para plan_code","timestamp":"2022-03-31T15:02:47.125Z"}
{"level":"info","message":"File: zoho.js - Function Name: createSubscriptionCustomer - Error Valor no válido para plan_code","timestamp":"2022-03-31T15:03:07.434Z"}
{"level":"info","message":"File: zoho.js - Function Name: createSubscriptionCustomer - Error Valor no válido para plan_code","timestamp":"2022-03-31T15:07:47.276Z"}
{"level":"info","message":"File: zoho.js - Function Name: createSubscriptionCustomer - Error Valor no válido para plan_code","timestamp":"2022-03-31T15:10:27.428Z"}
{"level":"info","message":"File: zoho.js - Function Name: createSubscriptionCustomer - Error Valor no válido para plan_code","timestamp":"2022-03-31T15:10:57.458Z"}
{"level":"info","message":"File: zoho.js - Function Name: createSubscriptionCustomer - Error Illegal value specified for a Dropdown field: Full Data San Francisco","timestamp":"2022-03-31T15:11:07.490Z"}
{"level":"info","message":"File: zoho.js - Function Name: createSubscriptionCustomer - Error Valor no válido para plan_code","timestamp":"2022-03-31T15:12:57.514Z"}
{"level":"info","message":"File: zoho.js - Function Name: createSubscriptionCustomer - Error Valor no válido para plan_code","timestamp":"2022-03-31T15:13:17.511Z"}
{"level":"info","message":"File: zoho.js - Function Name: createSubscriptionCustomer - Error Valor no válido para plan_code","timestamp":"2022-03-31T15:13:27.591Z"}
{"level":"info","message":"File: zoho.js - Function Name: createSubscriptionCustomer - Error Valor no válido para plan_code","timestamp":"2022-03-31T15:13:37.574Z"}
{"level":"info","message":"File: zoho.js - Function Name: createSubscriptionCustomer - Error Valor no válido para plan_code","timestamp":"2022-03-31T15:14:07.638Z"}
{"level":"info","message":"File: zoho.js - Function Name: createSubscriptionCustomer - Error Valor no válido para plan_code","timestamp":"2022-03-31T15:14:27.617Z"}
{"level":"info","message":"File: zoho.js - Function Name: createSubscriptionCustomer - Error Valor no válido para plan_code","timestamp":"2022-03-31T15:14:47.778Z"}
{"level":"info","message":"File: zoho.js - Function Name: createSubscriptionCustomer - Error Valor no válido para plan_code","timestamp":"2022-03-31T15:15:07.669Z"}
{"level":"info","message":"File: zoho.js - Function Name: createSubscriptionCustomer - Error Valor no válido para plan_code","timestamp":"2022-03-31T15:15:17.625Z"}
{"level":"info","message":"File: zoho.js - Function Name: createSubscriptionCustomer - Error Valor no válido para plan_code","timestamp":"2022-03-31T15:15:37.688Z"}
{"level":"info","message":"File: zoho.js - Function Name: createSubscriptionCustomer - Error Valor no válido para plan_code","timestamp":"2022-03-31T15:15:57.721Z"}
{"level":"info","message":"File: zoho.js - Function Name: createSubscriptionCustomer - Error Valor no válido para plan_code","timestamp":"2022-03-31T15:16:27.684Z"}
{"level":"info","message":"File: zoho.js - Function Name: createSubscriptionCustomer - Error Valor no válido para plan_code","timestamp":"2022-03-31T15:16:37.727Z"}
{"level":"info","message":"File: zoho.js - Function Name: createSubscriptionCustomer - Error Valor no válido para plan_code","timestamp":"2022-03-31T15:16:57.713Z"}
{"level":"info","message":"File: zoho.js - Function Name: createSubscriptionCustomer - Error Valor no válido para plan_code","timestamp":"2022-03-31T15:17:17.738Z"}
{"level":"info","message":"File: zoho.js - Function Name: createSubscriptionCustomer - Error Valor no válido para plan_code","timestamp":"2022-03-31T15:19:37.789Z"}
{"level":"info","message":"File: zoho.js - Function Name: createSubscriptionCustomer - Error Valor no válido para plan_code","timestamp":"2022-03-31T15:20:08.863Z"}
{"level":"info","message":"File: zoho.js - Function Name: createSubscriptionCustomer - Error Valor no válido para plan_code","timestamp":"2022-03-31T15:20:18.087Z"}
{"level":"info","message":"File: zoho.js - Function Name: createSubscriptionCustomer - Error Valor no válido para plan_code","timestamp":"2022-03-31T15:20:48.052Z"}
{"level":"info","message":"File: zoho.js - Function Name: createSubscriptionCustomer - Error Valor no válido para plan_code","timestamp":"2022-03-31T15:21:17.951Z"}
{"level":"info","message":"File: zoho.js - Function Name: createSubscriptionCustomer - Error Invalid value passed for zb.customer.Address","timestamp":"2022-03-31T15:28:28.228Z"}
{"level":"info","message":"File: zoho.js - Function Name: createSubscriptionCustomer - Error Valor no válido para plan_code","timestamp":"2022-03-31T15:28:38.296Z"}
{"level":"info","message":"File: zoho.js - Function Name: createSubscriptionCustomer - Error Valor no válido para plan_code","timestamp":"2022-03-31T15:36:18.637Z"}
{"level":"info","message":"File: zoho.js - Function Name: createSubscriptionCustomer - Error Valor no válido para plan_code","timestamp":"2022-03-31T15:41:08.879Z"}
{"level":"info","message":"File: zoho.js - Function Name: createSubscriptionCustomer - Error Valor no válido para plan_code","timestamp":"2022-03-31T15:41:18.900Z"}
{"level":"info","message":"File: zoho.js - Function Name: createSubscriptionCustomer - Error Valor no válido para plan_code","timestamp":"2022-03-31T15:41:29.007Z"}
{"level":"info","message":"File: zoho.js - Function Name: createSubscriptionCustomer - Error Valor no válido para plan_code","timestamp":"2022-03-31T15:41:38.889Z"}
{"level":"info","message":"File: zoho.js - Function Name: createSubscriptionCustomer - Error Valor no válido para plan_code","timestamp":"2022-03-31T15:41:49.102Z"}
{"level":"info","message":"File: zoho.js - Function Name: createSubscriptionCustomer - Error Valor no válido para plan_code","timestamp":"2022-03-31T15:41:58.922Z"}
{"level":"info","message":"File: zoho.js - Function Name: createSubscriptionCustomer - Error Valor no válido para plan_code","timestamp":"2022-03-31T15:42:39.067Z"}
{"level":"info","message":"File: zoho.js - Function Name: createSubscriptionCustomer - Error Valor no válido para plan_code","timestamp":"2022-03-31T15:42:59.046Z"}
{"level":"info","message":"File: zoho.js - Function Name: createSubscriptionCustomer - Error Valor no válido para plan_code","timestamp":"2022-03-31T15:44:09.114Z"}
{"level":"info","message":"File: zoho.js - Function Name: createSubscriptionCustomer - Error Valor no válido para plan_code","timestamp":"2022-03-31T15:44:29.186Z"}
{"level":"info","message":"File: zoho.js - Function Name: createSubscriptionCustomer - Error Valor no válido para plan_code","timestamp":"2022-03-31T15:44:59.141Z"}
{"level":"info","message":"File: zoho.js - Function Name: createSubscriptionCustomer - Error Valor no válido para plan_code","timestamp":"2022-03-31T15:45:09.233Z"}
{"level":"info","message":"File: zoho.js - Function Name: createSubscriptionCustomer - Error Valor no válido para plan_code","timestamp":"2022-03-31T15:45:19.312Z"}
{"level":"info","message":"File: zoho.js - Function Name: createSubscriptionCustomer - Error Valor no válido para plan_code","timestamp":"2022-03-31T15:45:39.407Z"}
{"level":"info","message":"File: zoho.js - Function Name: createSubscriptionCustomer - Error Valor no válido para plan_code","timestamp":"2022-03-31T15:47:39.184Z"}
{"level":"info","message":"File: zoho.js - Function Name: createSubscriptionCustomer - Error Valor no válido para plan_code","timestamp":"2022-03-31T15:48:09.315Z"}
{"level":"info","message":"File: zoho.js - Function Name: createSubscriptionCustomer - Error Valor no válido para plan_code","timestamp":"2022-03-31T15:48:19.274Z"}
{"level":"info","message":"File: zoho.js - Function Name: createSubscriptionCustomer - Error Valor no válido para plan_code","timestamp":"2022-03-31T15:48:29.218Z"}
{"level":"info","message":"File: zoho.js - Function Name: createSubscriptionCustomer - Error Valor no válido para plan_code","timestamp":"2022-03-31T15:48:39.279Z"}
{"level":"info","message":"File: zoho.js - Function Name: createSubscriptionCustomer - Error Valor no válido para plan_code","timestamp":"2022-03-31T15:48:49.245Z"}
{"level":"info","message":"File: zoho.js - Function Name: createSubscriptionCustomer - Error Valor no válido para plan_code","timestamp":"2022-03-31T15:49:59.340Z"}
{"level":"info","message":"File: zoho.js - Function Name: createSubscriptionCustomer - Error Valor no válido para plan_code","timestamp":"2022-03-31T15:50:09.307Z"}
{"level":"info","message":"File: zoho.js - Function Name: createSubscriptionCustomer - Error Valor no válido para plan_code","timestamp":"2022-03-31T15:50:20.476Z"}
{"level":"info","message":"File: zoho.js - Function Name: createSubscriptionCustomer - Error Valor no válido para plan_code","timestamp":"2022-03-31T15:50:39.325Z"}
{"level":"info","message":"File: zoho.js - Function Name: createSubscriptionCustomer - Error Valor no válido para plan_code","timestamp":"2022-03-31T15:50:49.415Z"}
{"level":"info","message":"File: zoho.js - Function Name: createSubscriptionCustomer - Error Valor no válido para plan_code","timestamp":"2022-03-31T15:51:09.379Z"}
{"level":"info","message":"File: zoho.js - Function Name: createSubscriptionCustomer - Error Valor no válido para plan_code","timestamp":"2022-03-31T15:51:19.663Z"}
{"level":"info","message":"File: zoho.js - Function Name: createSubscriptionCustomer - Error Valor no válido para plan_code","timestamp":"2022-03-31T15:52:09.516Z"}
{"level":"info","message":"File: zoho.js - Function Name: createSubscriptionCustomer - Error Valor no válido para plan_code","timestamp":"2022-03-31T15:52:59.487Z"}
{"level":"info","message":"File: zoho.js - Function Name: createSubscriptionCustomer - Error Valor no válido para plan_code","timestamp":"2022-03-31T15:53:19.503Z"}
{"level":"info","message":"File: zoho.js - Function Name: createSubscriptionCustomer - Error Valor no válido para plan_code","timestamp":"2022-03-31T15:53:49.505Z"}
{"level":"info","message":"File: zoho.js - Function Name: createSubscriptionCustomer - Error Valor no válido para plan_code","timestamp":"2022-03-31T15:54:29.513Z"}
{"level":"info","message":"File: zoho.js - Function Name: createSubscriptionCustomer - Error Valor no válido para plan_code","timestamp":"2022-03-31T15:54:49.531Z"}
{"level":"info","message":"File: zoho.js - Function Name: createSubscriptionCustomer - Error Valor no válido para plan_code","timestamp":"2022-03-31T16:09:00.530Z"}
{"level":"info","message":"File: zoho.js - Function Name: createSubscriptionCustomer - Error Valor no válido para plan_code","timestamp":"2022-03-31T16:09:40.189Z"}
{"level":"info","message":"File: zoho.js - Function Name: createSubscriptionCustomer - Error Valor no válido para plan_code","timestamp":"2022-03-31T16:12:10.254Z"}
{"level":"info","message":"File: zoho.js - Function Name: createSubscriptionCustomer - Error Valor no válido para plan_code","timestamp":"2022-03-31T16:13:13.021Z"}
{"level":"info","message":"File: zoho.js - Function Name: createSubscriptionCustomer - Error Valor no válido para plan_code","timestamp":"2022-03-31T16:14:10.429Z"}
{"level":"info","message":"File: zoho.js - Function Name: createSubscriptionCustomer - Error Valor no válido para plan_code","timestamp":"2022-03-31T16:15:20.511Z"}
{"level":"info","message":"File: zoho.js - Function Name: createSubscriptionCustomer - Error Valor no válido para plan_code","timestamp":"2022-03-31T16:16:00.727Z"}
{"level":"info","message":"File: zoho.js - Function Name: createSubscriptionCustomer - Error Valor no válido para plan_code","timestamp":"2022-03-31T16:16:22.638Z"}
{"level":"info","message":"File: zoho.js - Function Name: createSubscriptionCustomer - Error Valor no válido para plan_code","timestamp":"2022-03-31T16:16:30.532Z"}
{"level":"info","message":"File: zoho.js - Function Name: createSubscriptionCustomer - Error Valor no válido para plan_code","timestamp":"2022-03-31T16:16:51.970Z"}
{"level":"info","message":"File: zoho.js - Function Name: createSubscriptionCustomer - Error Valor no válido para plan_code","timestamp":"2022-03-31T16:17:12.025Z"}
{"level":"info","message":"File: zoho.js - Function Name: createSubscriptionCustomer - Error Valor no válido para plan_code","timestamp":"2022-03-31T16:17:51.920Z"}
{"level":"info","message":"File: zoho.js - Function Name: createSubscriptionCustomer - Error Valor no válido para plan_code","timestamp":"2022-03-31T16:18:21.688Z"}
{"level":"info","message":"File: zoho.js - Function Name: createSubscriptionCustomer - Error Valor no válido para plan_code","timestamp":"2022-03-31T16:20:00.962Z"}
{"level":"info","message":"File: zoho.js - Function Name: createSubscriptionCustomer - Error Valor no válido para plan_code","timestamp":"2022-03-31T16:20:32.516Z"}
{"level":"info","message":"File: zoho.js - Function Name: createSubscriptionCustomer - Error Valor no válido para plan_code","timestamp":"2022-03-31T16:21:03.297Z"}
{"level":"info","message":"File: zoho.js - Function Name: createSubscriptionCustomer - Error Valor no válido para plan_code","timestamp":"2022-03-31T16:21:32.954Z"}
{"level":"info","message":"File: zoho.js - Function Name: createSubscriptionCustomer - Error Valor no válido para plan_code","timestamp":"2022-03-31T16:22:53.024Z"}
{"level":"info","message":"File: zoho.js - Function Name: createSubscriptionCustomer - Error Valor no válido para plan_code","timestamp":"2022-03-31T16:23:12.541Z"}
{"level":"info","message":"File: zoho.js - Function Name: createSubscriptionCustomer - Error Valor no válido para plan_code","timestamp":"2022-03-31T16:24:12.292Z"}
{"level":"info","message":"File: zoho.js - Function Name: createSubscriptionCustomer - Error Valor no válido para plan_code","timestamp":"2022-03-31T16:26:03.047Z"}
{"level":"info","message":"File: zoho.js - Function Name: createSubscriptionCustomer - Error Valor no válido para plan_code","timestamp":"2022-03-31T16:26:12.584Z"}
{"level":"info","message":"File: zoho.js - Function Name: createSubscriptionCustomer - Error Valor no válido para plan_code","timestamp":"2022-03-31T16:29:01.324Z"}
{"level":"info","message":"File: zoho.js - Function Name: createSubscriptionCustomer - Error Valor no válido para plan_code","timestamp":"2022-03-31T16:30:21.394Z"}
{"level":"info","message":"File: zoho.js - Function Name: createSubscriptionCustomer - Error Valor no válido para plan_code","timestamp":"2022-03-31T16:36:13.921Z"}
{"level":"info","message":"File: zoho.js - Function Name: createSubscriptionCustomer - Error Valor no válido para plan_code","timestamp":"2022-03-31T16:36:41.615Z"}
{"level":"info","message":"File: zoho.js - Function Name: createSubscriptionCustomer - Error Valor no válido para plan_code","timestamp":"2022-03-31T16:36:53.030Z"}
{"level":"info","message":"File: zoho.js - Function Name: createSubscriptionCustomer - Error Valor no válido para plan_code","timestamp":"2022-03-31T16:37:03.190Z"}
{"level":"info","message":"File: zoho.js - Function Name: createSubscriptionCustomer - Error Valor no válido para plan_code","timestamp":"2022-03-31T16:37:11.716Z"}
{"level":"info","message":"File: zoho.js - Function Name: createSubscriptionCustomer - Error Valor no válido para plan_code","timestamp":"2022-03-31T16:37:41.890Z"}
{"level":"info","message":"File: zoho.js - Function Name: createSubscriptionCustomer - Error Valor no válido para plan_code","timestamp":"2022-03-31T16:37:52.686Z"}
{"level":"info","message":"File: zoho.js - Function Name: createSubscriptionCustomer - Error Valor no válido para plan_code","timestamp":"2022-03-31T16:38:03.664Z"}
{"level":"info","message":"File: zoho.js - Function Name: createSubscriptionCustomer - Error Valor no válido para plan_code","timestamp":"2022-03-31T16:38:13.739Z"}
{"level":"info","message":"File: zoho.js - Function Name: createSubscriptionCustomer - Error Valor no válido para plan_code","timestamp":"2022-03-31T16:38:22.790Z"}
{"level":"info","message":"File: zoho.js - Function Name: createSubscriptionCustomer - Error Valor no válido para plan_code","timestamp":"2022-03-31T16:38:32.137Z"}
{"level":"info","message":"File: zoho.js - Function Name: createSubscriptionCustomer - Error Valor no válido para plan_code","timestamp":"2022-03-31T16:38:41.899Z"}
{"level":"info","message":"File: zoho.js - Function Name: createSubscriptionCustomer - Error Valor no válido para plan_code","timestamp":"2022-03-31T16:38:51.683Z"}
{"level":"info","message":"File: zoho.js - Function Name: createSubscriptionCustomer - Error Valor no válido para plan_code","timestamp":"2022-03-31T16:39:01.714Z"}
{"level":"info","message":"File: zoho.js - Function Name: createSubscriptionCustomer - Error Valor no válido para plan_code","timestamp":"2022-03-31T16:39:11.708Z"}
{"level":"info","message":"File: zoho.js - Function Name: createSubscriptionCustomer - Error Invalid value passed for Email","timestamp":"2022-03-31T16:39:21.666Z"}
{"level":"info","message":"File: zoho.js - Function Name: createSubscriptionCustomer - Error Valor no válido para plan_code","timestamp":"2022-03-31T16:39:41.661Z"}
{"level":"info","message":"File: zoho.js - Function Name: createSubscriptionCustomer - Error Valor no válido para plan_code","timestamp":"2022-03-31T16:39:51.679Z"}
{"level":"info","message":"File: zoho.js - Function Name: createSubscriptionCustomer - Error Valor no válido para plan_code","timestamp":"2022-03-31T16:40:01.641Z"}
{"level":"info","message":"File: zoho.js - Function Name: createSubscriptionCustomer - Error Valor no válido para plan_code","timestamp":"2022-03-31T16:40:11.665Z"}
{"level":"info","message":"File: zoho.js - Function Name: createSubscriptionCustomer - Error Valor no válido para plan_code","timestamp":"2022-03-31T16:40:21.753Z"}
{"level":"info","message":"File: zoho.js - Function Name: createSubscriptionCustomer - Error Valor no válido para plan_code","timestamp":"2022-03-31T16:40:31.753Z"}
{"level":"info","message":"File: zoho.js - Function Name: createSubscriptionCustomer - Error Valor no válido para plan_code","timestamp":"2022-03-31T16:41:21.797Z"}
{"level":"info","message":"File: zoho.js - Function Name: createSubscriptionCustomer - Error Valor no válido para plan_code","timestamp":"2022-03-31T16:41:41.817Z"}
{"level":"info","message":"File: zoho.js - Function Name: createSubscriptionCustomer - Error Valor no válido para plan_code","timestamp":"2022-03-31T16:42:11.833Z"}
{"level":"info","message":"File: zoho.js - Function Name: createSubscriptionCustomer - Error Valor no válido para plan_code","timestamp":"2022-03-31T16:42:42.677Z"}
{"level":"info","message":"File: zoho.js - Function Name: createSubscriptionCustomer - Error Valor no válido para plan_code","timestamp":"2022-03-31T16:43:02.473Z"}
{"level":"info","message":"File: zoho.js - Function Name: createSubscriptionCustomer - Error Valor no válido para plan_code","timestamp":"2022-03-31T16:44:03.285Z"}
{"level":"info","message":"File: zoho.js - Function Name: createSubscriptionCustomer - Error Valor no válido para plan_code","timestamp":"2022-03-31T16:44:43.312Z"}
